<?xml version="1.0" encoding="UTF-8"?>
<!-- Generated by org.testng.reporters.JUnitReportReporter -->
<testsuite hostname="Debopriya" failures="0" tests="3" name="testNGtutorials.firstTestNGScript" time="0.014" errors="0" timestamp="2023-12-18T18:09:37 BDT" skipped="0">
  <testcase classname="testNGtutorials.firstTestNGScript" name="loginApplication" time="0.012"/>
  <testcase classname="testNGtutorials.firstTestNGScript" name="selectItems" time="0.001"/>
  <testcase classname="testNGtutorials.firstTestNGScript" name="checkout" time="0.001"/>
</testsuite> <!-- testNGtutorials.firstTestNGScript -->
