<?xml version="1.0" encoding="UTF-8"?>
<!-- Generated by org.testng.reporters.JUnitReportReporter -->
<testsuite hostname="Debopriya" failures="0" tests="1" name="islahiArtTest.loginPageTest" time="5.950" errors="0" timestamp="2023-12-18T19:40:42 BDT" skipped="0">
  <testcase classname="islahiArtTest.loginPageTest" name="verifyLogin" time="5.950"/>
</testsuite> <!-- islahiArtTest.loginPageTest -->
