<?xml version="1.0" encoding="UTF-8"?>
<!-- Generated by org.testng.reporters.JUnitReportReporter -->
<testsuite hostname="Debopriya" failures="0" tests="1" name="islahiArtTest.loginPageTest" time="2.126" errors="0" timestamp="2023-12-19T01:17:19 BDT" skipped="0">
  <testcase classname="islahiArtTest.loginPageTest" name="verifyLogin" time="2.126"/>
</testsuite> <!-- islahiArtTest.loginPageTest -->
